2024-02-03 11:58:55.455 WARNING (SyncWorker_1) [homeassistant.loader] We found a custom integration file_transfer which has not been tested by Home Assistant. This component might cause stability problems, be sure to disable it if you experience issues with Home Assistant
2024-02-03 11:58:55.490 INFO (MainThread) [homeassistant.setup] Setup of domain logger took 0.0 seconds
2024-02-03 11:58:55.490 INFO (MainThread) [homeassistant.bootstrap] Setting up frontend: {'frontend'}
2024-02-03 11:58:55.499 INFO (MainThread) [homeassistant.setup] Setting up device_automation
2024-02-03 11:58:55.499 INFO (MainThread) [homeassistant.setup] Setup of domain device_automation took 0.0 seconds
2024-02-03 11:58:55.541 INFO (MainThread) [homeassistant.setup] Setting up lovelace
2024-02-03 11:58:55.542 INFO (MainThread) [homeassistant.setup] Setting up http
2024-02-03 11:58:55.543 INFO (MainThread) [homeassistant.setup] Setup of domain lovelace took 0.0 seconds
2024-02-03 11:58:55.545 INFO (MainThread) [homeassistant.setup] Setup of domain http took 0.0 seconds
2024-02-03 11:58:55.549 INFO (MainThread) [homeassistant.setup] Setting up api
2024-02-03 11:58:55.550 INFO (MainThread) [homeassistant.setup] Setup of domain api took 0.0 seconds
2024-02-03 11:58:55.550 INFO (MainThread) [homeassistant.setup] Setting up auth
2024-02-03 11:58:55.551 INFO (MainThread) [homeassistant.setup] Setup of domain auth took 0.0 seconds
2024-02-03 11:58:55.553 INFO (MainThread) [homeassistant.setup] Setting up config
2024-02-03 11:58:55.556 INFO (MainThread) [homeassistant.setup] Setting up diagnostics
2024-02-03 11:58:55.560 INFO (MainThread) [homeassistant.setup] Setting up repairs
2024-02-03 11:58:55.560 INFO (MainThread) [homeassistant.setup] Setup of domain repairs took 0.0 seconds
2024-02-03 11:58:55.595 INFO (MainThread) [homeassistant.setup] Setup of domain config took 0.0 seconds
2024-02-03 11:58:55.596 INFO (MainThread) [homeassistant.setup] Setup of domain diagnostics took 0.0 seconds
2024-02-03 11:58:55.602 INFO (MainThread) [homeassistant.setup] Setting up file_upload
2024-02-03 11:58:55.602 INFO (MainThread) [homeassistant.setup] Setup of domain file_upload took 0.0 seconds
2024-02-03 11:58:55.639 INFO (MainThread) [homeassistant.setup] Setting up image_upload
2024-02-03 11:58:55.640 INFO (MainThread) [homeassistant.setup] Setting up websocket_api
2024-02-03 11:58:55.640 INFO (MainThread) [homeassistant.setup] Setup of domain websocket_api took 0.0 seconds
2024-02-03 11:58:55.641 INFO (SyncWorker_5) [homeassistant.loader] Loaded group from homeassistant.components.group
2024-02-03 11:58:55.949 INFO (MainThread) [homeassistant.setup] Setting up analytics
2024-02-03 11:58:55.950 INFO (MainThread) [homeassistant.setup] Setup of domain image_upload took 0.3 seconds
2024-02-03 11:58:55.965 INFO (MainThread) [homeassistant.setup] Setting up search
2024-02-03 11:58:55.965 INFO (MainThread) [homeassistant.setup] Setup of domain search took 0.0 seconds
2024-02-03 11:58:55.965 INFO (MainThread) [homeassistant.setup] Setup of domain analytics took 0.0 seconds
2024-02-03 11:58:55.966 INFO (SyncWorker_2) [homeassistant.loader] Loaded device_tracker from homeassistant.components.device_tracker
2024-02-03 11:58:55.966 INFO (MainThread) [homeassistant.setup] Setting up person
2024-02-03 11:58:55.968 INFO (MainThread) [homeassistant.setup] Setup of domain person took 0.0 seconds
2024-02-03 11:58:55.968 INFO (SyncWorker_1) [homeassistant.loader] Loaded hassio from homeassistant.components.hassio
2024-02-03 11:58:55.968 INFO (MainThread) [homeassistant.setup] Setting up onboarding
2024-02-03 11:58:55.969 INFO (MainThread) [homeassistant.setup] Setup of domain onboarding took 0.0 seconds
2024-02-03 11:58:55.970 INFO (MainThread) [homeassistant.setup] Setting up frontend
2024-02-03 11:58:55.971 INFO (MainThread) [homeassistant.setup] Setup of domain frontend took 0.0 seconds
2024-02-03 11:58:55.972 INFO (MainThread) [homeassistant.bootstrap] Setting up recorder: {'recorder'}
2024-02-03 11:58:55.972 INFO (MainThread) [homeassistant.setup] Setting up recorder
2024-02-03 11:58:55.974 INFO (MainThread) [homeassistant.components.http] Now listening on port 8123
2024-02-03 11:58:56.003 INFO (MainThread) [homeassistant.setup] Setup of domain recorder took 0.0 seconds
2024-02-03 11:58:56.003 INFO (MainThread) [homeassistant.bootstrap] Setting up stage 1: {'usb', 'api', 'bluetooth', 'dhcp', 'ssdp', 'websocket_api', 'webhook', 'cloud', 'http', 'zeroconf', 'network'}
2024-02-03 11:58:56.012 INFO (MainThread) [homeassistant.setup] Setting up webhook
2024-02-03 11:58:56.013 INFO (MainThread) [homeassistant.setup] Setup of domain webhook took 0.0 seconds
2024-02-03 11:58:56.024 INFO (MainThread) [homeassistant.setup] Setting up usb
2024-02-03 11:58:56.024 INFO (MainThread) [homeassistant.setup] Setup of domain usb took 0.0 seconds
2024-02-03 11:58:56.050 INFO (MainThread) [homeassistant.setup] Setting up dhcp
2024-02-03 11:58:56.050 INFO (MainThread) [homeassistant.setup] Setup of domain dhcp took 0.0 seconds
2024-02-03 11:58:56.052 INFO (MainThread) [homeassistant.setup] Setting up network
2024-02-03 11:58:56.053 INFO (MainThread) [homeassistant.setup] Setup of domain network took 0.0 seconds
2024-02-03 11:58:56.055 INFO (SyncWorker_2) [homeassistant.loader] Loaded google_assistant from homeassistant.components.google_assistant
2024-02-03 11:58:56.055 INFO (SyncWorker_6) [homeassistant.loader] Loaded alexa from homeassistant.components.alexa
2024-02-03 11:58:56.056 INFO (SyncWorker_6) [homeassistant.loader] Loaded matter from homeassistant.components.matter
2024-02-03 11:58:56.056 INFO (SyncWorker_7) [homeassistant.loader] Loaded camera from homeassistant.components.camera
2024-02-03 11:58:56.115 INFO (MainThread) [homeassistant.setup] Setting up bluetooth
2024-02-03 11:58:56.137 INFO (MainThread) [homeassistant.setup] Setting up zeroconf
2024-02-03 11:58:56.140 INFO (MainThread) [homeassistant.setup] Setup of domain zeroconf took 0.0 seconds
2024-02-03 11:58:56.143 INFO (MainThread) [homeassistant.components.zeroconf] Starting Zeroconf broadcast
2024-02-03 11:58:56.155 INFO (MainThread) [homeassistant.setup] Setup of domain bluetooth took 0.0 seconds
2024-02-03 11:58:56.155 INFO (SyncWorker_8) [homeassistant.loader] Loaded media_player from homeassistant.components.media_player
2024-02-03 11:58:56.185 INFO (MainThread) [homeassistant.setup] Setting up ssdp
2024-02-03 11:58:56.186 INFO (MainThread) [homeassistant.setup] Setup of domain ssdp took 0.0 seconds
2024-02-03 11:58:57.232 INFO (MainThread) [homeassistant.setup] Setting up cloud
2024-02-03 11:58:57.241 INFO (MainThread) [homeassistant.setup] Setup of domain cloud took 0.0 seconds
2024-02-03 11:58:57.241 INFO (MainThread) [homeassistant.setup] Setting up ffmpeg
2024-02-03 11:58:57.241 INFO (MainThread) [homeassistant.bootstrap] Setting up stage 2: {'zone', 'conversation', 'config', 'system_health', 'trace', 'shopping_list', 'energy', 'blueprint', 'file_transfer', 'default_config', 'script', 'onboarding', 'diagnostics', 'media_source', 'logbook', 'mobile_app', 'person', 'history', 'image_upload', 'input_button', 'map', 'sun', 'schedule', 'tts', 'device_automation', 'input_datetime', 'hardware', 'input_text', 'input_number', 'ffmpeg', 'counter', 'automation', 'assist_pipeline', 'search', 'stream', 'stt', 'input_select', 'wake_word', 'tag', 'repairs', 'lovelace', 'my', 'homeassistant_alerts', 'file_upload', 'scene', 'auth', 'timer', 'input_boolean', 'analytics', 'application_credentials'}
2024-02-03 11:58:57.243 INFO (MainThread) [homeassistant.setup] Setting up zone
2024-02-03 11:58:57.243 INFO (MainThread) [homeassistant.setup] Setting up conversation
2024-02-03 11:58:57.243 INFO (MainThread) [homeassistant.setup] Setup of domain conversation took 0.0 seconds
2024-02-03 11:58:57.244 INFO (MainThread) [homeassistant.setup] Setting up trace
2024-02-03 11:58:57.244 INFO (MainThread) [homeassistant.setup] Setup of domain trace took 0.0 seconds
2024-02-03 11:58:57.244 INFO (MainThread) [homeassistant.setup] Setting up blueprint
2024-02-03 11:58:57.244 INFO (MainThread) [homeassistant.setup] Setup of domain blueprint took 0.0 seconds
2024-02-03 11:58:57.245 ERROR (MainThread) [homeassistant.setup] Setup failed for custom integration 'file_transfer': Unable to import component: cannot import name 'PLATFORMS' from 'custom_components.file_transfer.const' (/workspaces/python/config/custom_components/file_transfer/const.py)
Traceback (most recent call last):
  File "/home/vscode/.local/lib/python3.12/site-packages/homeassistant/setup.py", line 251, in _async_setup_component
    component = integration.get_component()
                ^^^^^^^^^^^^^^^^^^^^^^^^^^^
  File "/home/vscode/.local/lib/python3.12/site-packages/homeassistant/loader.py", line 822, in get_component
    ComponentProtocol, importlib.import_module(self.pkg_path)
                       ^^^^^^^^^^^^^^^^^^^^^^^^^^^^^^^^^^^^^^
  File "/usr/local/lib/python3.12/importlib/__init__.py", line 90, in import_module
    return _bootstrap._gcd_import(name[level:], package, level)
           ^^^^^^^^^^^^^^^^^^^^^^^^^^^^^^^^^^^^^^^^^^^^^^^^^^^^
  File "<frozen importlib._bootstrap>", line 1387, in _gcd_import
  File "<frozen importlib._bootstrap>", line 1360, in _find_and_load
  File "<frozen importlib._bootstrap>", line 1331, in _find_and_load_unlocked
  File "<frozen importlib._bootstrap>", line 935, in _load_unlocked
  File "<frozen importlib._bootstrap_external>", line 994, in exec_module
  File "<frozen importlib._bootstrap>", line 488, in _call_with_frames_removed
  File "/workspaces/python/config/custom_components/file_transfer/__init__.py", line 7, in <module>
    from .const import DOMAIN, PLATFORMS
ImportError: cannot import name 'PLATFORMS' from 'custom_components.file_transfer.const' (/workspaces/python/config/custom_components/file_transfer/const.py)
2024-02-03 11:58:57.275 INFO (MainThread) [homeassistant.setup] Setting up history
2024-02-03 11:58:57.275 INFO (MainThread) [homeassistant.setup] Setup of domain history took 0.0 seconds
2024-02-03 11:58:57.275 INFO (MainThread) [homeassistant.setup] Setting up input_button
2024-02-03 11:58:57.276 INFO (MainThread) [homeassistant.setup] Setting up sun
2024-02-03 11:58:57.276 INFO (MainThread) [homeassistant.setup] Setup of domain sun took 0.0 seconds
2024-02-03 11:58:57.278 INFO (MainThread) [homeassistant.setup] Setting up schedule
2024-02-03 11:58:57.280 INFO (MainThread) [homeassistant.setup] Setting up input_datetime
2024-02-03 11:58:57.294 INFO (MainThread) [homeassistant.setup] Setting up hardware
2024-02-03 11:58:57.296 INFO (MainThread) [homeassistant.setup] Setting up input_text
2024-02-03 11:58:57.298 INFO (MainThread) [homeassistant.setup] Setting up input_number
2024-02-03 11:58:57.305 INFO (MainThread) [homeassistant.setup] Setting up counter
2024-02-03 11:58:57.306 INFO (MainThread) [homeassistant.setup] Setting up stt
2024-02-03 11:58:57.307 INFO (MainThread) [homeassistant.setup] Setup of domain stt took 0.0 seconds
2024-02-03 11:58:57.312 INFO (MainThread) [homeassistant.setup] Setting up input_select
2024-02-03 11:58:57.313 INFO (MainThread) [homeassistant.setup] Setting up wake_word
2024-02-03 11:58:57.313 INFO (MainThread) [homeassistant.setup] Setup of domain wake_word took 0.0 seconds
2024-02-03 11:58:57.419 INFO (MainThread) [homeassistant.setup] Setting up tag
2024-02-03 11:58:57.425 INFO (MainThread) [homeassistant.setup] Setting up homeassistant_alerts
2024-02-03 11:58:57.425 INFO (MainThread) [homeassistant.setup] Setup of domain homeassistant_alerts took 0.0 seconds
2024-02-03 11:58:57.425 INFO (MainThread) [homeassistant.setup] Setting up scene
2024-02-03 11:58:57.426 INFO (MainThread) [homeassistant.setup] Setting up timer
2024-02-03 11:58:57.426 INFO (MainThread) [homeassistant.setup] Setting up input_boolean
2024-02-03 11:58:57.428 ERROR (MainThread) [haffmpeg.core] FFmpeg fails [Errno 2] No such file or directory: 'ffmpeg'
Traceback (most recent call last):
  File "/home/vscode/.local/lib/python3.12/site-packages/haffmpeg/core.py", line 137, in open
    self._proc = await self._loop.run_in_executor(None, proc_func)
                 ^^^^^^^^^^^^^^^^^^^^^^^^^^^^^^^^^^^^^^^^^^^^^^^^^
  File "/usr/local/lib/python3.12/concurrent/futures/thread.py", line 58, in run
    result = self.fn(*self.args, **self.kwargs)
             ^^^^^^^^^^^^^^^^^^^^^^^^^^^^^^^^^^
  File "/usr/local/lib/python3.12/subprocess.py", line 1026, in __init__
    self._execute_child(args, executable, preexec_fn, close_fds,
  File "/usr/local/lib/python3.12/subprocess.py", line 1950, in _execute_child
    raise child_exception_type(errno_num, err_msg, err_filename)
FileNotFoundError: [Errno 2] No such file or directory: 'ffmpeg'
2024-02-03 11:58:57.431 WARNING (MainThread) [haffmpeg.tools] Error starting FFmpeg.
2024-02-03 11:58:57.431 INFO (MainThread) [homeassistant.setup] Setup of domain ffmpeg took 0.2 seconds
2024-02-03 11:58:57.432 INFO (MainThread) [homeassistant.setup] Setup of domain hardware took 0.1 seconds
2024-02-03 11:58:57.433 INFO (MainThread) [homeassistant.setup] Setting up system_health
2024-02-03 11:58:57.435 INFO (MainThread) [homeassistant.setup] Setting up shopping_list
2024-02-03 11:58:57.435 INFO (MainThread) [homeassistant.setup] Setup of domain shopping_list took 0.0 seconds
2024-02-03 11:58:57.435 INFO (MainThread) [homeassistant.setup] Setting up script
2024-02-03 11:58:57.435 INFO (MainThread) [homeassistant.setup] Setting up media_source
2024-02-03 11:58:57.443 INFO (MainThread) [homeassistant.setup] Setting up logbook
2024-02-03 11:58:57.452 INFO (MainThread) [homeassistant.setup] Setting up map
2024-02-03 11:58:57.452 INFO (MainThread) [homeassistant.setup] Setup of domain map took 0.0 seconds
2024-02-03 11:58:57.452 INFO (MainThread) [homeassistant.setup] Setting up automation
2024-02-03 11:58:57.458 INFO (MainThread) [homeassistant.setup] Setting up my
2024-02-03 11:58:57.458 INFO (MainThread) [homeassistant.setup] Setup of domain my took 0.0 seconds
2024-02-03 11:58:57.464 INFO (MainThread) [homeassistant.setup] Setting up application_credentials
2024-02-03 11:58:57.467 INFO (MainThread) [homeassistant.setup] Setting up energy
2024-02-03 11:58:57.468 INFO (MainThread) [homeassistant.setup] Setup of domain energy took 0.0 seconds
2024-02-03 11:58:57.468 INFO (MainThread) [homeassistant.setup] Setup of domain input_button took 0.2 seconds
2024-02-03 11:58:57.470 INFO (MainThread) [homeassistant.setup] Setup of domain schedule took 0.2 seconds
2024-02-03 11:58:57.471 INFO (MainThread) [homeassistant.setup] Setup of domain input_datetime took 0.2 seconds
2024-02-03 11:58:57.472 INFO (MainThread) [homeassistant.setup] Setup of domain script took 0.0 seconds
2024-02-03 11:58:57.474 INFO (MainThread) [homeassistant.setup] Setting up stream
2024-02-03 11:58:57.509 INFO (MainThread) [homeassistant.setup] Setup of domain stream took 0.0 seconds
2024-02-03 11:58:57.511 INFO (MainThread) [homeassistant.setup] Setup of domain automation took 0.1 seconds
2024-02-03 11:58:57.511 INFO (MainThread) [homeassistant.setup] Setup of domain system_health took 0.1 seconds
2024-02-03 11:58:57.511 INFO (MainThread) [homeassistant.setup] Setting up tts
2024-02-03 11:58:57.512 INFO (MainThread) [homeassistant.setup] Setup of domain media_source took 0.1 seconds
2024-02-03 11:58:57.512 INFO (MainThread) [homeassistant.setup] Setup of domain logbook took 0.1 seconds
2024-02-03 11:58:57.514 INFO (MainThread) [homeassistant.setup] Setup of domain zone took 0.3 seconds
2024-02-03 11:58:57.514 INFO (SyncWorker_12) [homeassistant.loader] Loaded sensor from homeassistant.components.sensor
2024-02-03 11:58:57.516 INFO (MainThread) [homeassistant.setup] Setup of domain input_text took 0.2 seconds
2024-02-03 11:58:57.516 INFO (MainThread) [homeassistant.setup] Setup of domain input_number took 0.2 seconds
2024-02-03 11:58:57.518 INFO (MainThread) [homeassistant.setup] Setup of domain counter took 0.2 seconds
2024-02-03 11:58:57.519 INFO (MainThread) [homeassistant.setup] Setup of domain input_select took 0.2 seconds
2024-02-03 11:58:57.523 INFO (SyncWorker_7) [homeassistant.loader] Loaded todo from homeassistant.components.todo
2024-02-03 11:58:57.524 INFO (MainThread) [homeassistant.setup] Setup of domain tag took 0.1 seconds
2024-02-03 11:58:57.526 INFO (MainThread) [homeassistant.setup] Setup of domain timer took 0.1 seconds
2024-02-03 11:58:57.527 INFO (MainThread) [homeassistant.setup] Setup of domain input_boolean took 0.1 seconds
2024-02-03 11:58:57.527 INFO (MainThread) [homeassistant.setup] Setup of domain application_credentials took 0.1 seconds
2024-02-03 11:58:57.527 INFO (MainThread) [homeassistant.components.scene] Setting up homeassistant.scene
2024-02-03 11:58:57.528 INFO (MainThread) [homeassistant.setup] Setting up sensor
2024-02-03 11:58:57.528 INFO (MainThread) [homeassistant.setup] Setup of domain sensor took 0.0 seconds
2024-02-03 11:58:57.534 INFO (MainThread) [homeassistant.setup] Setup of domain scene took 0.1 seconds
2024-02-03 11:58:57.539 INFO (MainThread) [homeassistant.setup] Setting up todo
2024-02-03 11:58:57.539 INFO (MainThread) [homeassistant.setup] Setup of domain todo took 0.0 seconds
2024-02-03 11:58:57.539 INFO (MainThread) [homeassistant.setup] Setup of domain tts took 0.0 seconds
2024-02-03 11:58:57.542 INFO (MainThread) [homeassistant.setup] Setting up assist_pipeline
2024-02-03 11:58:57.543 INFO (MainThread) [homeassistant.setup] Setup of domain assist_pipeline took 0.0 seconds
2024-02-03 11:58:57.544 INFO (SyncWorker_14) [homeassistant.loader] Loaded notify from homeassistant.components.notify
2024-02-03 11:58:57.564 INFO (MainThread) [homeassistant.setup] Setting up mobile_app
2024-02-03 11:58:57.565 INFO (MainThread) [homeassistant.setup] Setup of domain mobile_app took 0.0 seconds
2024-02-03 11:58:57.566 INFO (MainThread) [homeassistant.setup] Setting up notify
2024-02-03 11:58:57.566 INFO (MainThread) [homeassistant.setup] Setup of domain notify took 0.0 seconds
2024-02-03 11:58:57.567 INFO (MainThread) [homeassistant.components.notify] Setting up notify.mobile_app
2024-02-03 11:58:57.568 INFO (MainThread) [homeassistant.components.sensor] Setting up sun.sensor
2024-02-03 11:58:57.570 INFO (MainThread) [homeassistant.components.sensor] Setting up energy.sensor
2024-02-03 11:58:57.576 INFO (MainThread) [homeassistant.setup] Setting up default_config
2024-02-03 11:58:57.577 INFO (SyncWorker_2) [homeassistant.loader] Loaded backup from homeassistant.components.backup
2024-02-03 11:58:57.577 INFO (MainThread) [homeassistant.components.todo] Setting up shopping_list.todo
2024-02-03 11:58:57.587 INFO (MainThread) [homeassistant.setup] Setting up backup
2024-02-03 11:58:57.588 INFO (MainThread) [homeassistant.setup] Setup of domain backup took 0.0 seconds
2024-02-03 11:58:57.588 INFO (MainThread) [homeassistant.setup] Setup of domain default_config took 0.0 seconds
2024-02-03 11:58:57.589 INFO (MainThread) [homeassistant.bootstrap] Home Assistant initialized in 2.14s
2024-02-03 11:58:57.590 INFO (MainThread) [homeassistant.core] Starting Home Assistant
2024-02-03 11:59:09.037 INFO (SyncWorker_16) [homeassistant.loader] Loaded version from homeassistant.components.version
2024-02-03 11:59:09.037 INFO (SyncWorker_16) [homeassistant.loader] Loaded zodiac from homeassistant.components.zodiac
2024-02-03 11:59:09.037 INFO (SyncWorker_16) [homeassistant.loader] Loaded integration from homeassistant.components.integration
2024-02-03 11:59:09.038 INFO (SyncWorker_16) [homeassistant.loader] Loaded season from homeassistant.components.season
2024-02-03 11:59:09.038 INFO (SyncWorker_16) [homeassistant.loader] Loaded waze_travel_time from homeassistant.components.waze_travel_time
2024-02-03 11:59:09.038 INFO (SyncWorker_16) [homeassistant.loader] Loaded alert from homeassistant.components.alert
2024-02-03 11:59:09.038 INFO (SyncWorker_16) [homeassistant.loader] Loaded plant from homeassistant.components.plant
2024-02-03 11:59:09.038 INFO (SyncWorker_16) [homeassistant.loader] Loaded derivative from homeassistant.components.derivative
2024-02-03 11:59:09.039 INFO (SyncWorker_16) [homeassistant.loader] Loaded rpi_power from homeassistant.components.rpi_power
2024-02-03 11:59:09.039 INFO (SyncWorker_16) [homeassistant.loader] Loaded nmap_tracker from homeassistant.components.nmap_tracker
2024-02-03 11:59:09.039 INFO (SyncWorker_16) [homeassistant.loader] Loaded garages_amsterdam from homeassistant.components.garages_amsterdam
2024-02-03 11:59:09.039 INFO (SyncWorker_16) [homeassistant.loader] Loaded homekit_controller from homeassistant.components.homekit_controller
2024-02-03 11:59:09.040 INFO (SyncWorker_16) [homeassistant.loader] Loaded local_ip from homeassistant.components.local_ip
2024-02-03 11:59:09.040 INFO (SyncWorker_16) [homeassistant.loader] Loaded local_calendar from homeassistant.components.local_calendar
2024-02-03 11:59:09.040 INFO (SyncWorker_16) [homeassistant.loader] Loaded proximity from homeassistant.components.proximity
2024-02-03 11:59:09.041 INFO (SyncWorker_16) [homeassistant.loader] Loaded cpuspeed from homeassistant.components.cpuspeed
2024-02-03 11:59:09.041 INFO (SyncWorker_16) [homeassistant.loader] Loaded local_todo from homeassistant.components.local_todo
2024-02-03 11:59:09.041 INFO (SyncWorker_16) [homeassistant.loader] Loaded cert_expiry from homeassistant.components.cert_expiry
2024-02-03 11:59:09.042 INFO (SyncWorker_16) [homeassistant.loader] Loaded demo from homeassistant.components.demo
2024-02-03 11:59:09.042 INFO (SyncWorker_16) [homeassistant.loader] Loaded uptime from homeassistant.components.uptime
2024-02-03 11:59:09.042 INFO (SyncWorker_16) [homeassistant.loader] Loaded filesize from homeassistant.components.filesize
2024-02-03 11:59:09.043 INFO (SyncWorker_16) [homeassistant.loader] Loaded moehlenhoff_alpha2 from homeassistant.components.moehlenhoff_alpha2
2024-02-03 11:59:09.043 INFO (SyncWorker_16) [homeassistant.loader] Loaded moon from homeassistant.components.moon
2024-02-03 11:59:09.043 INFO (SyncWorker_16) [homeassistant.loader] Loaded aurora from homeassistant.components.aurora
2024-02-03 11:59:09.043 INFO (SyncWorker_16) [homeassistant.loader] Loaded nextbus from homeassistant.components.nextbus
2024-02-03 11:59:09.043 INFO (SyncWorker_16) [homeassistant.loader] Loaded tod from homeassistant.components.tod
2024-02-03 11:59:09.043 INFO (SyncWorker_16) [homeassistant.loader] Loaded threshold from homeassistant.components.threshold
2024-02-03 11:59:09.043 INFO (SyncWorker_16) [homeassistant.loader] Loaded workday from homeassistant.components.workday
2024-02-03 11:59:09.044 INFO (SyncWorker_16) [homeassistant.loader] Loaded google_travel_time from homeassistant.components.google_travel_time
2024-02-03 11:59:09.044 INFO (SyncWorker_16) [homeassistant.loader] Loaded min_max from homeassistant.components.min_max
2024-02-03 11:59:09.045 INFO (SyncWorker_16) [homeassistant.loader] Loaded emulated_roku from homeassistant.components.emulated_roku
2024-02-03 11:59:09.045 INFO (SyncWorker_16) [homeassistant.loader] Loaded generic from homeassistant.components.generic
2024-02-03 11:59:09.045 INFO (SyncWorker_16) [homeassistant.loader] Loaded switch_as_x from homeassistant.components.switch_as_x
2024-02-03 11:59:09.045 INFO (SyncWorker_16) [homeassistant.loader] Loaded utility_meter from homeassistant.components.utility_meter
2024-02-03 11:59:09.046 INFO (SyncWorker_16) [homeassistant.loader] Loaded islamic_prayer_times from homeassistant.components.islamic_prayer_times
2024-02-03 11:59:09.046 INFO (SyncWorker_16) [homeassistant.loader] Loaded growatt_server from homeassistant.components.growatt_server
2024-02-03 11:59:24.605 INFO (Recorder) [homeassistant.components.recorder.pool.RecorderPool] Pool recreating
